#
# There is insufficient memory for the Java Runtime Environment to continue.
# Native memory allocation (mmap) failed to map 132120576 bytes for G1 virtual space
# Possible reasons:
#   The system is out of physical RAM or swap space
#   The process is running with CompressedOops enabled, and the Java Heap may be blocking the growth of the native heap
# Possible solutions:
#   Reduce memory load on the system
#   Increase physical memory or swap space
#   Check if swap backing store is full
#   Decrease Java heap size (-Xmx/-Xms)
#   Decrease number of Java threads
#   Decrease Java thread stack sizes (-Xss)
#   Set larger code cache with -XX:ReservedCodeCacheSize=
#   JVM is running with Unscaled Compressed Oops mode in which the Java heap is
#     placed in the first 4GB address space. The Java Heap base address is the
#     maximum limit for the native heap growth. Please use -XX:HeapBaseMinAddress
#     to set the Java Heap base and to place the Java Heap above 4GB virtual address.
# This output file may be truncated or incomplete.
#
#  Out of Memory Error (os_windows.cpp:3557), pid=7904, tid=7592
#
# JRE version:  (17.0.6+10) (build )
# Java VM: OpenJDK 64-Bit Server VM (17.0.6+10, mixed mode, sharing, tiered, compressed oops, compressed class ptrs, g1 gc, windows-amd64)
# No core dump will be written. Minidumps are not enabled by default on client versions of Windows
#

---------------  S U M M A R Y ------------

Command Line: -Dfile.encoding=UTF-8 --module-path=C:\Users\Home\eclipse-workspace\adam_mukhiz\bin -XX:+ShowCodeDetailsInExceptionMessages -Djdk.module.main=adam_mukhiz adam_mukhiz/adam_mukhiz.switchstatements

Host: 11th Gen Intel(R) Core(TM) i3-1115G4 @ 3.00GHz, 4 cores, 7G,  Windows 11 , 64 bit Build 22621 (10.0.22621.1928)
Time: Fri Jul 28 21:28:02 2023 Malay Peninsula Standard Time elapsed time: 0.045092 seconds (0d 0h 0m 0s)

---------------  T H R E A D  ---------------

Current thread (0x000001d00b6e3fa0):  JavaThread "Unknown thread" [_thread_in_vm, id=7592, stack(0x00000048ac900000,0x00000048aca00000)]

Stack: [0x00000048ac900000,0x00000048aca00000]
Native frames: (J=compiled Java code, j=interpreted, Vv=VM code, C=native code)
V  [jvm.dll+0x67741a]
V  [jvm.dll+0x834434]
V  [jvm.dll+0x835bde]
V  [jvm.dll+0x836243]
V  [jvm.dll+0x2457b5]
V  [jvm.dll+0x674329]
V  [jvm.dll+0x6689da]
V  [jvm.dll+0x30489b]
V  [jvm.dll+0x30bd96]
V  [jvm.dll+0x35b57e]
V  [jvm.dll+0x35b7af]
V  [jvm.dll+0x2db778]
V  [jvm.dll+0x2dc6e4]
V  [jvm.dll+0x806131]
V  [jvm.dll+0x369331]
V  [jvm.dll+0x7e56ac]
V  [jvm.dll+0x3eb35f]
V  [jvm.dll+0x3ecea1]
C  [jli.dll+0x5267]
C  [ucrtbase.dll+0x29363]
C  [KERNEL32.DLL+0x126ad]
C  [ntdll.dll+0x5aa68]


---------------  P R O C E S S  ---------------

Threads class SMR info:
_java_thread_list=0x00007ffbd6d65fd8, length=0, elements={
}

Java Threads: ( => current thread )

Other Threads:
  0x000001d00b741e10 GCTaskThread "GC Thread#0" [stack: 0x00000048aca00000,0x00000048acb00000] [id=4240]
  0x000001d00b752f90 ConcurrentGCThread "G1 Main Marker" [stack: 0x00000048acb00000,0x00000048acc00000] [id=12040]
  0x000001d00b7539a0 ConcurrentGCThread "G1 Conc#0" [stack: 0x00000048acc00000,0x00000048acd00000] [id=12860]

[error occurred during error reporting (printing all threads), id 0xc0000005, EXCEPTION_ACCESS_VIOLATION (0xc0000005) at pc=0x00007ffbd653c1e7]

VM state: not at safepoint (not fully initialized)

VM Mutex/Monitor currently owned by a thread:  ([mutex/lock_event])
[0x000001d00b6ce7f0] Heap_lock - owner thread: 0x000001d00b6e3fa0

Heap address: 0x0000000083600000, size: 1994 MB, Compressed Oops mode: 32-bit

CDS archive(s) mapped at: [0x0000000000000000-0x0000000000000000-0x0000000000000000), size 0, SharedBaseAddress: 0x0000000800000000, ArchiveRelocationMode: 0.
Narrow klass base: 0x0000000000000000, Narrow klass shift: 0, Narrow klass range: 0x0

GC Precious Log:
<Empty>

Heap:
 garbage-first heap   total 0K, used 0K [0x0000000083600000, 0x0000000100000000)
  region size 1024K, 0 young (0K), 0 survivors (0K)

[error occurred during error reporting (printing heap information), id 0xc0000005, EXCEPTION_ACCESS_VIOLATION (0xc0000005) at pc=0x00007ffbd69206f9]

GC Heap History (0 events):
No events

Dll operation events (1 events):
Event: 0.023 Loaded shared library C:\Users\Home\.p2\pool\plugins\org.eclipse.justj.openjdk.hotspot.jre.full.win32.x86_64_17.0.6.v20230204-1729\jre\bin\java.dll

Deoptimization events (0 events):
No events

Classes unloaded (0 events):
No events

Classes redefined (0 events):
No events

Internal exceptions (0 events):
No events

VM Operations (0 events):
No events

Events (0 events):
No events


Dynamic libraries:
0x00007ff64b690000 - 0x00007ff64b69e000 	C:\Users\Home\.p2\pool\plugins\org.eclipse.justj.openjdk.hotspot.jre.full.win32.x86_64_17.0.6.v20230204-1729\jre\bin\javaw.exe
0x00007ffc308b0000 - 0x00007ffc30ac4000 	C:\WINDOWS\SYSTEM32\ntdll.dll
0x00007ffc2f320000 - 0x00007ffc2f3e2000 	C:\WINDOWS\System32\KERNEL32.DLL
0x00007ffc2dce0000 - 0x00007ffc2e083000 	C:\WINDOWS\System32\KERNELBASE.dll
0x00007ffc2e090000 - 0x00007ffc2e1a1000 	C:\WINDOWS\System32\ucrtbase.dll
0x00007ffc289d0000 - 0x00007ffc289e7000 	C:\Users\Home\.p2\pool\plugins\org.eclipse.justj.openjdk.hotspot.jre.full.win32.x86_64_17.0.6.v20230204-1729\jre\bin\jli.dll
0x00007ffc30240000 - 0x00007ffc303ea000 	C:\WINDOWS\System32\USER32.dll
0x00007ffc2dcb0000 - 0x00007ffc2dcd6000 	C:\WINDOWS\System32\win32u.dll
0x00007ffc2fd40000 - 0x00007ffc2fd69000 	C:\WINDOWS\System32\GDI32.dll
0x00007ffc2e400000 - 0x00007ffc2e519000 	C:\WINDOWS\System32\gdi32full.dll
0x00007ffc2e1b0000 - 0x00007ffc2e24a000 	C:\WINDOWS\System32\msvcp_win.dll
0x00007ffc15dd0000 - 0x00007ffc1605e000 	C:\WINDOWS\WinSxS\amd64_microsoft.windows.common-controls_6595b64144ccf1df_6.0.22621.1635_none_270f70857386168e\COMCTL32.dll
0x00007ffc2f040000 - 0x00007ffc2f0e7000 	C:\WINDOWS\System32\msvcrt.dll
0x00007ffc289b0000 - 0x00007ffc289c9000 	C:\Users\Home\.p2\pool\plugins\org.eclipse.justj.openjdk.hotspot.jre.full.win32.x86_64_17.0.6.v20230204-1729\jre\bin\VCRUNTIME140.dll
0x00007ffc30200000 - 0x00007ffc30231000 	C:\WINDOWS\System32\IMM32.DLL
0x00007ffc28980000 - 0x00007ffc2898c000 	C:\Users\Home\.p2\pool\plugins\org.eclipse.justj.openjdk.hotspot.jre.full.win32.x86_64_17.0.6.v20230204-1729\jre\bin\vcruntime140_1.dll
0x00007ffc08950000 - 0x00007ffc089e1000 	C:\Users\Home\.p2\pool\plugins\org.eclipse.justj.openjdk.hotspot.jre.full.win32.x86_64_17.0.6.v20230204-1729\jre\bin\msvcp140.dll
0x00007ffbd6250000 - 0x00007ffbd6e97000 	C:\Users\Home\.p2\pool\plugins\org.eclipse.justj.openjdk.hotspot.jre.full.win32.x86_64_17.0.6.v20230204-1729\jre\bin\server\jvm.dll
0x00007ffc2f600000 - 0x00007ffc2f6ae000 	C:\WINDOWS\System32\ADVAPI32.dll
0x00007ffc2f850000 - 0x00007ffc2f8f4000 	C:\WINDOWS\System32\sechost.dll
0x00007ffc2e690000 - 0x00007ffc2e7a7000 	C:\WINDOWS\System32\RPCRT4.dll
0x00007ffba9230000 - 0x00007ffba9239000 	C:\WINDOWS\SYSTEM32\WSOCK32.dll
0x00007ffc2f900000 - 0x00007ffc2f971000 	C:\WINDOWS\System32\WS2_32.dll
0x00007ffc1fb20000 - 0x00007ffc1fb2a000 	C:\WINDOWS\SYSTEM32\VERSION.dll
0x00007ffc1bb40000 - 0x00007ffc1bb74000 	C:\WINDOWS\SYSTEM32\WINMM.dll
0x00007ffc2cde0000 - 0x00007ffc2cdf8000 	C:\WINDOWS\SYSTEM32\kernel.appcore.dll
0x00007ffc2a1f0000 - 0x00007ffc2a1fa000 	C:\Users\Home\.p2\pool\plugins\org.eclipse.justj.openjdk.hotspot.jre.full.win32.x86_64_17.0.6.v20230204-1729\jre\bin\jimage.dll
0x00007ffc2b460000 - 0x00007ffc2b68e000 	C:\WINDOWS\SYSTEM32\DBGHELP.DLL
0x00007ffc2fe70000 - 0x00007ffc301f9000 	C:\WINDOWS\System32\combase.dll
0x00007ffc2f0f0000 - 0x00007ffc2f1c7000 	C:\WINDOWS\System32\OLEAUT32.dll
0x00007ffc066e0000 - 0x00007ffc06712000 	C:\WINDOWS\SYSTEM32\dbgcore.DLL
0x00007ffc2e310000 - 0x00007ffc2e38a000 	C:\WINDOWS\System32\bcryptPrimitives.dll
0x00007ffc1fd20000 - 0x00007ffc1fd45000 	C:\Users\Home\.p2\pool\plugins\org.eclipse.justj.openjdk.hotspot.jre.full.win32.x86_64_17.0.6.v20230204-1729\jre\bin\java.dll

dbghelp: loaded successfully - version: 4.0.5 - missing functions: none
symbol engine: initialized successfully - sym options: 0x614 - pdb path: .;C:\Users\Home\.p2\pool\plugins\org.eclipse.justj.openjdk.hotspot.jre.full.win32.x86_64_17.0.6.v20230204-1729\jre\bin;C:\WINDOWS\SYSTEM32;C:\WINDOWS\WinSxS\amd64_microsoft.windows.common-controls_6595b64144ccf1df_6.0.22621.1635_none_270f70857386168e;C:\Users\Home\.p2\pool\plugins\org.eclipse.justj.openjdk.hotspot.jre.full.win32.x86_64_17.0.6.v20230204-1729\jre\bin\server

VM Arguments:
jvm_args: -Dfile.encoding=UTF-8 --module-path=C:\Users\Home\eclipse-workspace\adam_mukhiz\bin -XX:+ShowCodeDetailsInExceptionMessages -Djdk.module.main=adam_mukhiz 
java_command: adam_mukhiz/adam_mukhiz.switchstatements
java_class_path (initial): <not set>
Launcher Type: SUN_STANDARD

[Global flags]
     intx CICompilerCount                          = 3                                         {product} {ergonomic}
     uint ConcGCThreads                            = 1                                         {product} {ergonomic}
     uint G1ConcRefinementThreads                  = 4                                         {product} {ergonomic}
   size_t G1HeapRegionSize                         = 1048576                                   {product} {ergonomic}
    uintx GCDrainStackTargetSize                   = 64                                        {product} {ergonomic}
   size_t InitialHeapSize                          = 132120576                                 {product} {ergonomic}
   size_t MarkStackSize                            = 4194304                                   {product} {ergonomic}
   size_t MaxHeapSize                              = 2090860544                                {product} {ergonomic}
   size_t MinHeapDeltaBytes                        = 1048576                                   {product} {ergonomic}
   size_t MinHeapSize                              = 8388608                                   {product} {ergonomic}
    uintx NonNMethodCodeHeapSize                   = 5832780                                {pd product} {ergonomic}
    uintx NonProfiledCodeHeapSize                  = 122912730                              {pd product} {ergonomic}
    uintx ProfiledCodeHeapSize                     = 122912730                              {pd product} {ergonomic}
    uintx ReservedCodeCacheSize                    = 251658240                              {pd product} {ergonomic}
     bool SegmentedCodeCache                       = true                                      {product} {ergonomic}
     bool ShowCodeDetailsInExceptionMessages       = true                                   {manageable} {command line}
   size_t SoftMaxHeapSize                          = 2090860544                             {manageable} {ergonomic}
     bool UseCompressedClassPointers               = true                           {product lp64_product} {ergonomic}
     bool UseCompressedOops                        = true                           {product lp64_product} {ergonomic}
     bool UseG1GC                                  = true                                      {product} {ergonomic}
     bool UseLargePagesIndividualAllocation        = false                                  {pd product} {ergonomic}

Logging:
Log output configuration:
 #0: stdout all=warning uptime,level,tags
 #1: stderr all=off uptime,level,tags

Environment Variables:
PATH=C:/Users/Home/.p2/pool/plugins/org.eclipse.justj.openjdk.hotspot.jre.full.win32.x86_64_17.0.6.v20230204-1729/jre/bin/server;C:/Users/Home/.p2/pool/plugins/org.eclipse.justj.openjdk.hotspot.jre.full.win32.x86_64_17.0.6.v20230204-1729/jre/bin;C:\Program Files\Java\jre1.8.0_361\bin;C:\Program Files\Java\jdk-19.0.2\bin;C:\WINDOWS\system32;
USERNAME=Home
OS=Windows_NT
PROCESSOR_IDENTIFIER=Intel64 Family 6 Model 140 Stepping 1, GenuineIntel
TMP=C:\Users\Home\AppData\Local\Temp
TEMP=C:\Users\Home\AppData\Local\Temp



---------------  S Y S T E M  ---------------

OS:
 Windows 11 , 64 bit Build 22621 (10.0.22621.1928)
OS uptime: 0 days 0:54 hours
Hyper-V role detected

CPU: total 4 (initial active 4) (2 cores per cpu, 2 threads per core) family 6 model 140 stepping 1 microcode 0xa4, cx8, cmov, fxsr, ht, mmx, 3dnowpref, sse, sse2, sse3, ssse3, sse4.1, sse4.2, popcnt, lzcnt, tsc, tscinvbit, avx, avx2, aes, erms, clmul, bmi1, bmi2, adx, avx512f, avx512dq, avx512cd, avx512bw, avx512vl, sha, fma, vzeroupper, avx512_vpopcntdq, avx512_vpclmulqdq, avx512_vaes, avx512_vnni, clflush, clflushopt, clwb, avx512_vbmi2, avx512_vbmi, hv

Memory: 4k page, system-wide physical 7971M (801M free)
TotalPageFile size 10809M (AvailPageFile size 97M)
current process WorkingSet (physical memory assigned to process): 11M, peak: 11M
current process commit charge ("private bytes"): 52M, peak: 178M

vm_info: OpenJDK 64-Bit Server VM (17.0.6+10) for windows-amd64 JRE (17.0.6+10), built on Jan 18 2023 10:08:59 by "temurin" with MS VC++ 16.7 (VS2019)

END.
