#
# There is insufficient memory for the Java Runtime Environment to continue.
# Native memory allocation (mmap) failed to map 132120576 bytes for G1 virtual space
# Possible reasons:
#   The system is out of physical RAM or swap space
#   The process is running with CompressedOops enabled, and the Java Heap may be blocking the growth of the native heap
# Possible solutions:
#   Reduce memory load on the system
#   Increase physical memory or swap space
#   Check if swap backing store is full
#   Decrease Java heap size (-Xmx/-Xms)
#   Decrease number of Java threads
#   Decrease Java thread stack sizes (-Xss)
#   Set larger code cache with -XX:ReservedCodeCacheSize=
#   JVM is running with Unscaled Compressed Oops mode in which the Java heap is
#     placed in the first 4GB address space. The Java Heap base address is the
#     maximum limit for the native heap growth. Please use -XX:HeapBaseMinAddress
#     to set the Java Heap base and to place the Java Heap above 4GB virtual address.
# This output file may be truncated or incomplete.
#
#  Out of Memory Error (os_windows.cpp:3557), pid=12932, tid=5200
#
# JRE version:  (17.0.6+10) (build )
# Java VM: OpenJDK 64-Bit Server VM (17.0.6+10, mixed mode, sharing, tiered, compressed oops, compressed class ptrs, g1 gc, windows-amd64)
# No core dump will be written. Minidumps are not enabled by default on client versions of Windows
#

---------------  S U M M A R Y ------------

Command Line: -Dfile.encoding=UTF-8 --module-path=C:\Users\Home\eclipse-workspace\adam_mukhiz\bin -XX:+ShowCodeDetailsInExceptionMessages -Djdk.module.main=adam_mukhiz adam_mukhiz/adam_mukhiz.randomnum

Host: 11th Gen Intel(R) Core(TM) i3-1115G4 @ 3.00GHz, 4 cores, 7G,  Windows 11 , 64 bit Build 22621 (10.0.22621.2070)
Time: Sun Aug 20 11:27:14 2023 Malay Peninsula Standard Time elapsed time: 0.100604 seconds (0d 0h 0m 0s)

---------------  T H R E A D  ---------------

Current thread (0x0000026557903410):  JavaThread "Unknown thread" [_thread_in_vm, id=5200, stack(0x000000e6b8500000,0x000000e6b8600000)]

Stack: [0x000000e6b8500000,0x000000e6b8600000]
Native frames: (J=compiled Java code, j=interpreted, Vv=VM code, C=native code)
V  [jvm.dll+0x67741a]
V  [jvm.dll+0x834434]
V  [jvm.dll+0x835bde]
V  [jvm.dll+0x836243]
V  [jvm.dll+0x2457b5]
V  [jvm.dll+0x674329]
V  [jvm.dll+0x6689da]
V  [jvm.dll+0x30489b]
V  [jvm.dll+0x30bd96]
V  [jvm.dll+0x35b57e]
V  [jvm.dll+0x35b7af]
V  [jvm.dll+0x2db778]
V  [jvm.dll+0x2dc6e4]
V  [jvm.dll+0x806131]
V  [jvm.dll+0x369331]
V  [jvm.dll+0x7e56ac]
V  [jvm.dll+0x3eb35f]
V  [jvm.dll+0x3ecea1]
C  [jli.dll+0x5267]
C  [ucrtbase.dll+0x29363]
C  [KERNEL32.DLL+0x126ad]
C  [ntdll.dll+0x5aa68]


---------------  P R O C E S S  ---------------

Threads class SMR info:
_java_thread_list=0x00007ff993a35fd8, length=0, elements={
}

Java Threads: ( => current thread )

Other Threads:
  0x0000026557961300 GCTaskThread "GC Thread#0" [stack: 0x000000e6b8600000,0x000000e6b8700000] [id=7884]
  0x0000026557971b80 ConcurrentGCThread "G1 Main Marker" [stack: 0x000000e6b8700000,0x000000e6b8800000] [id=15564]
  0x0000026557972e90 ConcurrentGCThread "G1 Conc#0" [stack: 0x000000e6b8800000,0x000000e6b8900000] [id=11016]

[error occurred during error reporting (printing all threads), id 0xc0000005, EXCEPTION_ACCESS_VIOLATION (0xc0000005) at pc=0x00007ff99320c1e7]

VM state: not at safepoint (not fully initialized)

VM Mutex/Monitor currently owned by a thread:  ([mutex/lock_event])
[0x00000265578ff290] Heap_lock - owner thread: 0x0000026557903410

Heap address: 0x0000000083600000, size: 1994 MB, Compressed Oops mode: 32-bit

CDS archive(s) mapped at: [0x0000000000000000-0x0000000000000000-0x0000000000000000), size 0, SharedBaseAddress: 0x0000000800000000, ArchiveRelocationMode: 0.
Narrow klass base: 0x0000000000000000, Narrow klass shift: 0, Narrow klass range: 0x0

GC Precious Log:
<Empty>

Heap:
 garbage-first heap   total 0K, used 0K [0x0000000083600000, 0x0000000100000000)
  region size 1024K, 0 young (0K), 0 survivors (0K)

[error occurred during error reporting (printing heap information), id 0xc0000005, EXCEPTION_ACCESS_VIOLATION (0xc0000005) at pc=0x00007ff9935f06f9]

GC Heap History (0 events):
No events

Dll operation events (1 events):
Event: 0.040 Loaded shared library C:\Users\Home\.p2\pool\plugins\org.eclipse.justj.openjdk.hotspot.jre.full.win32.x86_64_17.0.6.v20230204-1729\jre\bin\java.dll

Deoptimization events (0 events):
No events

Classes unloaded (0 events):
No events

Classes redefined (0 events):
No events

Internal exceptions (0 events):
No events

VM Operations (0 events):
No events

Events (0 events):
No events


Dynamic libraries:
0x00007ff7fd0d0000 - 0x00007ff7fd0de000 	C:\Users\Home\.p2\pool\plugins\org.eclipse.justj.openjdk.hotspot.jre.full.win32.x86_64_17.0.6.v20230204-1729\jre\bin\javaw.exe
0x00007ff9f5d70000 - 0x00007ff9f5f84000 	C:\WINDOWS\SYSTEM32\ntdll.dll
0x00007ff9f3de0000 - 0x00007ff9f3ea4000 	C:\WINDOWS\System32\KERNEL32.DLL
0x00007ff9f3270000 - 0x00007ff9f3614000 	C:\WINDOWS\System32\KERNELBASE.dll
0x00007ff9f3620000 - 0x00007ff9f3731000 	C:\WINDOWS\System32\ucrtbase.dll
0x00007ff9ef870000 - 0x00007ff9ef887000 	C:\Users\Home\.p2\pool\plugins\org.eclipse.justj.openjdk.hotspot.jre.full.win32.x86_64_17.0.6.v20230204-1729\jre\bin\jli.dll
0x00007ff9f5740000 - 0x00007ff9f58ea000 	C:\WINDOWS\System32\USER32.dll
0x00007ff9f37c0000 - 0x00007ff9f37e6000 	C:\WINDOWS\System32\win32u.dll
0x00007ff9f5d00000 - 0x00007ff9f5d29000 	C:\WINDOWS\System32\GDI32.dll
0x00007ff9f3150000 - 0x00007ff9f3269000 	C:\WINDOWS\System32\gdi32full.dll
0x00007ff9f37f0000 - 0x00007ff9f388a000 	C:\WINDOWS\System32\msvcp_win.dll
0x00007ff9ef780000 - 0x00007ff9ef799000 	C:\Users\Home\.p2\pool\plugins\org.eclipse.justj.openjdk.hotspot.jre.full.win32.x86_64_17.0.6.v20230204-1729\jre\bin\VCRUNTIME140.dll
0x00007ff9dab10000 - 0x00007ff9dad9f000 	C:\WINDOWS\WinSxS\amd64_microsoft.windows.common-controls_6595b64144ccf1df_6.0.22621.2070_none_2713e6537381f706\COMCTL32.dll
0x00007ff9f5690000 - 0x00007ff9f5737000 	C:\WINDOWS\System32\msvcrt.dll
0x00007ff9f3d30000 - 0x00007ff9f3d61000 	C:\WINDOWS\System32\IMM32.DLL
0x00007ff9efc50000 - 0x00007ff9efc5c000 	C:\Users\Home\.p2\pool\plugins\org.eclipse.justj.openjdk.hotspot.jre.full.win32.x86_64_17.0.6.v20230204-1729\jre\bin\vcruntime140_1.dll
0x00007ff9ef6e0000 - 0x00007ff9ef771000 	C:\Users\Home\.p2\pool\plugins\org.eclipse.justj.openjdk.hotspot.jre.full.win32.x86_64_17.0.6.v20230204-1729\jre\bin\msvcp140.dll
0x00007ff992f20000 - 0x00007ff993b67000 	C:\Users\Home\.p2\pool\plugins\org.eclipse.justj.openjdk.hotspot.jre.full.win32.x86_64_17.0.6.v20230204-1729\jre\bin\server\jvm.dll
0x00007ff9f4890000 - 0x00007ff9f4940000 	C:\WINDOWS\System32\ADVAPI32.dll
0x00007ff9f5bf0000 - 0x00007ff9f5c96000 	C:\WINDOWS\System32\sechost.dll
0x00007ff9f54c0000 - 0x00007ff9f55d7000 	C:\WINDOWS\System32\RPCRT4.dll
0x00007ff9dc3c0000 - 0x00007ff9dc3c9000 	C:\WINDOWS\SYSTEM32\WSOCK32.dll
0x00007ff9f5a30000 - 0x00007ff9f5aa1000 	C:\WINDOWS\System32\WS2_32.dll
0x00007ff9e6170000 - 0x00007ff9e61a4000 	C:\WINDOWS\SYSTEM32\WINMM.dll
0x00007ff9e50a0000 - 0x00007ff9e50aa000 	C:\WINDOWS\SYSTEM32\VERSION.dll
0x00007ff9f2100000 - 0x00007ff9f2118000 	C:\WINDOWS\SYSTEM32\kernel.appcore.dll
0x00007ff9dbac0000 - 0x00007ff9dbaca000 	C:\Users\Home\.p2\pool\plugins\org.eclipse.justj.openjdk.hotspot.jre.full.win32.x86_64_17.0.6.v20230204-1729\jre\bin\jimage.dll
0x00007ff9f08e0000 - 0x00007ff9f0b0e000 	C:\WINDOWS\SYSTEM32\DBGHELP.DLL
0x00007ff9f4e70000 - 0x00007ff9f51fa000 	C:\WINDOWS\System32\combase.dll
0x00007ff9f5ab0000 - 0x00007ff9f5b87000 	C:\WINDOWS\System32\OLEAUT32.dll
0x00007ff9d2530000 - 0x00007ff9d2562000 	C:\WINDOWS\SYSTEM32\dbgcore.DLL
0x00007ff9f3740000 - 0x00007ff9f37ba000 	C:\WINDOWS\System32\bcryptPrimitives.dll
0x00007ff9b7cb0000 - 0x00007ff9b7cd5000 	C:\Users\Home\.p2\pool\plugins\org.eclipse.justj.openjdk.hotspot.jre.full.win32.x86_64_17.0.6.v20230204-1729\jre\bin\java.dll

dbghelp: loaded successfully - version: 4.0.5 - missing functions: none
symbol engine: initialized successfully - sym options: 0x614 - pdb path: .;C:\Users\Home\.p2\pool\plugins\org.eclipse.justj.openjdk.hotspot.jre.full.win32.x86_64_17.0.6.v20230204-1729\jre\bin;C:\WINDOWS\SYSTEM32;C:\WINDOWS\WinSxS\amd64_microsoft.windows.common-controls_6595b64144ccf1df_6.0.22621.2070_none_2713e6537381f706;C:\Users\Home\.p2\pool\plugins\org.eclipse.justj.openjdk.hotspot.jre.full.win32.x86_64_17.0.6.v20230204-1729\jre\bin\server

VM Arguments:
jvm_args: -Dfile.encoding=UTF-8 --module-path=C:\Users\Home\eclipse-workspace\adam_mukhiz\bin -XX:+ShowCodeDetailsInExceptionMessages -Djdk.module.main=adam_mukhiz 
java_command: adam_mukhiz/adam_mukhiz.randomnum
java_class_path (initial): <not set>
Launcher Type: SUN_STANDARD

[Global flags]
     intx CICompilerCount                          = 3                                         {product} {ergonomic}
     uint ConcGCThreads                            = 1                                         {product} {ergonomic}
     uint G1ConcRefinementThreads                  = 4                                         {product} {ergonomic}
   size_t G1HeapRegionSize                         = 1048576                                   {product} {ergonomic}
    uintx GCDrainStackTargetSize                   = 64                                        {product} {ergonomic}
   size_t InitialHeapSize                          = 132120576                                 {product} {ergonomic}
   size_t MarkStackSize                            = 4194304                                   {product} {ergonomic}
   size_t MaxHeapSize                              = 2090860544                                {product} {ergonomic}
   size_t MinHeapDeltaBytes                        = 1048576                                   {product} {ergonomic}
   size_t MinHeapSize                              = 8388608                                   {product} {ergonomic}
    uintx NonNMethodCodeHeapSize                   = 5832780                                {pd product} {ergonomic}
    uintx NonProfiledCodeHeapSize                  = 122912730                              {pd product} {ergonomic}
    uintx ProfiledCodeHeapSize                     = 122912730                              {pd product} {ergonomic}
    uintx ReservedCodeCacheSize                    = 251658240                              {pd product} {ergonomic}
     bool SegmentedCodeCache                       = true                                      {product} {ergonomic}
     bool ShowCodeDetailsInExceptionMessages       = true                                   {manageable} {command line}
   size_t SoftMaxHeapSize                          = 2090860544                             {manageable} {ergonomic}
     bool UseCompressedClassPointers               = true                           {product lp64_product} {ergonomic}
     bool UseCompressedOops                        = true                           {product lp64_product} {ergonomic}
     bool UseG1GC                                  = true                                      {product} {ergonomic}
     bool UseLargePagesIndividualAllocation        = false                                  {pd product} {ergonomic}

Logging:
Log output configuration:
 #0: stdout all=warning uptime,level,tags
 #1: stderr all=off uptime,level,tags

Environment Variables:
PATH=C:/Users/Home/.p2/pool/plugins/org.eclipse.justj.openjdk.hotspot.jre.full.win32.x86_64_17.0.6.v20230204-1729/jre/bin/server;C:/Users/Home/.p2/pool/plugins/org.eclipse.justj.openjdk.hotspot.jre.full.win32.x86_64_17.0.6.v20230204-1729/jre/bin;C:\Program Files\Java\jre1.8.0_361\bin;C:\Program Files\Java\jdk-19.0.2\bin;C:\WINDOWS\system32;
USERNAME=Home
OS=Windows_NT
PROCESSOR_IDENTIFIER=Intel64 Family 6 Model 140 Stepping 1, GenuineIntel
TMP=C:\Users\Home\AppData\Local\Temp
TEMP=C:\Users\Home\AppData\Local\Temp



---------------  S Y S T E M  ---------------

OS:
 Windows 11 , 64 bit Build 22621 (10.0.22621.2070)
OS uptime: 7 days 15:39 hours
Hyper-V role detected

CPU: total 4 (initial active 4) (2 cores per cpu, 2 threads per core) family 6 model 140 stepping 1 microcode 0xa4, cx8, cmov, fxsr, ht, mmx, 3dnowpref, sse, sse2, sse3, ssse3, sse4.1, sse4.2, popcnt, lzcnt, tsc, tscinvbit, avx, avx2, aes, erms, clmul, bmi1, bmi2, adx, avx512f, avx512dq, avx512cd, avx512bw, avx512vl, sha, fma, vzeroupper, avx512_vpopcntdq, avx512_vpclmulqdq, avx512_vaes, avx512_vnni, clflush, clflushopt, clwb, avx512_vbmi2, avx512_vbmi, hv

Memory: 4k page, system-wide physical 7971M (1248M free)
TotalPageFile size 10809M (AvailPageFile size 64M)
current process WorkingSet (physical memory assigned to process): 11M, peak: 11M
current process commit charge ("private bytes"): 51M, peak: 177M

vm_info: OpenJDK 64-Bit Server VM (17.0.6+10) for windows-amd64 JRE (17.0.6+10), built on Jan 18 2023 10:08:59 by "temurin" with MS VC++ 16.7 (VS2019)

END.
